{"/Users/sandeepkumarsahoo/Downloads/code-test-1.0.4/analytics-collector/src/events/services/EventProcessor.ts": {"path":"/Users/sandeepkumarsahoo/Downloads/code-test-1.0.4/analytics-collector/src/events/services/EventProcessor.ts","statementMap":{"0":{"start":{"line":3,"column":0},"end":{"line":3,"column":62}},"1":{"start":{"line":6,"column":33},"end":{"line":6,"column":46}},"2":{"start":{"line":6,"column":65},"end":{"line":6,"column":84}},"3":{"start":{"line":6,"column":103},"end":{"line":6,"column":126}},"4":{"start":{"line":10,"column":28},"end":{"line":10,"column":62}},"5":{"start":{"line":12,"column":8},"end":{"line":14,"column":null}},"6":{"start":{"line":13,"column":12},"end":{"line":13,"column":21}},"7":{"start":{"line":16,"column":28},"end":{"line":16,"column":59}},"8":{"start":{"line":17,"column":21},"end":{"line":17,"column":50}},"9":{"start":{"line":18,"column":8},"end":{"line":18,"column":98}},"10":{"start":{"line":20,"column":8},"end":{"line":20,"column":17}},"11":{"start":{"line":5,"column":0},"end":{"line":5,"column":13}}},"fnMap":{"0":{"name":"(anonymous_0)","decl":{"start":{"line":6,"column":4},"end":{"line":6,"column":33}},"loc":{"start":{"line":6,"column":126},"end":{"line":7,"column":5}}},"1":{"name":"(anonymous_1)","decl":{"start":{"line":9,"column":4},"end":{"line":9,"column":9}},"loc":{"start":{"line":9,"column":23},"end":{"line":21,"column":5}}}},"branchMap":{"0":{"loc":{"start":{"line":12,"column":8},"end":{"line":14,"column":null}},"type":"if","locations":[{"start":{"line":12,"column":8},"end":{"line":14,"column":null}}]}},"s":{"0":1,"1":2,"2":2,"3":2,"4":2,"5":2,"6":1,"7":1,"8":1,"9":1,"10":1,"11":1},"f":{"0":2,"1":2},"b":{"0":[1]}}
,"/Users/sandeepkumarsahoo/Downloads/code-test-1.0.4/analytics-collector/src/events/utils/eventEnrichment.ts": {"path":"/Users/sandeepkumarsahoo/Downloads/code-test-1.0.4/analytics-collector/src/events/utils/eventEnrichment.ts","statementMap":{"0":{"start":{"line":7,"column":4},"end":{"line":7,"column":54}},"1":{"start":{"line":6,"column":0},"end":{"line":6,"column":16}},"2":{"start":{"line":11,"column":27},"end":{"line":11,"column":53}},"3":{"start":{"line":12,"column":29},"end":{"line":12,"column":75}},"4":{"start":{"line":13,"column":24},"end":{"line":13,"column":63}},"5":{"start":{"line":14,"column":24},"end":{"line":14,"column":47}},"6":{"start":{"line":16,"column":4},"end":{"line":18,"column":null}},"7":{"start":{"line":17,"column":8},"end":{"line":17,"column":70}},"8":{"start":{"line":20,"column":4},"end":{"line":23,"column":6}},"9":{"start":{"line":10,"column":0},"end":{"line":10,"column":16}}},"fnMap":{"0":{"name":"enrichEvent","decl":{"start":{"line":6,"column":16},"end":{"line":6,"column":27}},"loc":{"start":{"line":6,"column":73},"end":{"line":8,"column":1}}},"1":{"name":"parseEnrichedEvent","decl":{"start":{"line":10,"column":16},"end":{"line":10,"column":34}},"loc":{"start":{"line":10,"column":56},"end":{"line":24,"column":1}}}},"branchMap":{"0":{"loc":{"start":{"line":16,"column":4},"end":{"line":18,"column":null}},"type":"if","locations":[{"start":{"line":16,"column":4},"end":{"line":18,"column":null}}]},"1":{"loc":{"start":{"line":21,"column":24},"end":{"line":21,"column":82}},"type":"cond-expr","locations":[{"start":{"line":21,"column":50},"end":{"line":21,"column":52}},{"start":{"line":21,"column":55},"end":{"line":21,"column":82}}]}},"s":{"0":3,"1":2,"2":7,"3":7,"4":7,"5":7,"6":5,"7":1,"8":5,"9":2},"f":{"0":3,"1":7},"b":{"0":[1],"1":[2,3]}}
}
