TN:
SF:src/events/services/EventProcessor.ts
FN:6,(anonymous_0)
FN:9,(anonymous_1)
FNF:2
FNH:2
FNDA:2,(anonymous_0)
FNDA:2,(anonymous_1)
DA:3,1
DA:5,1
DA:6,2
DA:10,2
DA:12,2
DA:13,1
DA:16,1
DA:17,1
DA:18,1
DA:20,1
LF:10
LH:10
BRDA:12,0,0,1
BRF:1
BRH:1
end_of_record
TN:
SF:src/events/utils/eventEnrichment.ts
FN:6,enrichEvent
FN:10,parseEnrichedEvent
FNF:2
FNH:2
FNDA:3,enrichEvent
FNDA:7,parseEnrichedEvent
DA:6,2
DA:7,3
DA:10,2
DA:11,7
DA:12,7
DA:13,7
DA:14,7
DA:16,5
DA:17,1
DA:20,5
LF:10
LH:10
BRDA:16,0,0,1
BRDA:21,1,0,2
BRDA:21,1,1,3
BRF:3
BRH:3
end_of_record
